Change Value of Parameter Name in Part DD2 Old=CD4011BM96 New=SN74F38DR
Change Value of Parameter Name in Part DD2 Old=CD4011BM96 New=SN74F38DR
Change Value of Parameter Name in Part DD2 Old=CD4011BM96 New=SN74F38DR
Change Value of Parameter Name in Part DD2 Old=CD4011BM96 New=SN74F38DR
Change Value of Parameter Name in Part DD3 Old=CD4024BM New=SN74F24BM
Change Value of Parameter Name in Part DD4 Old=CD4024BM New=SN74F24BM
Change Value of Parameter Name in Part DD5 Old=CD4070BM96 New=SN74F70BM96
Change Value of Parameter Name in Part DD5 Old=CD4070BM96 New=SN74F70BM96
Change Value of Parameter Name in Part DD5 Old=CD4070BM96 New=SN74F70BM96
Change Value of Parameter Name in Part DD6 Old=CD4013BM96 New=SN74F13BM96
Change Value of Parameter Name in Part DD7 Old=CD4028BM96 New=SN74F28BM96
Change Value of Parameter Name in Part DD8 Old=CD4028BM96 New=SN74F28BM96
Change Value of Parameter Name in Part DD9 Old=CD4011BM96 New=SN74F11BM96
Change Value of Parameter Name in Part DD9 Old=CD4011BM96 New=SN74F11BM96
Change Value of Parameter Name in Part DD9 Old=CD4011BM96 New=SN74F11BM96
Change Value of Parameter Name in Part DD10 Old=CD4023BM New=SN74F23BM
Change Value of Parameter Name in Part DD10 Old=CD4023BM New=SN74F23BM
Change Value of Parameter Name in Part DD10 Old=CD4023BM New=SN74F23BM
Change Value of Parameter Name in Part DD11 Old=CD4013BM96 New=SN74F13BM96
Change Value of Parameter Name in Part DD11 Old=CD4013BM96 New=SN74F13BM96
Change Value of Parameter Manufacturer in Part R1 Old=Yageo New=Hitano
Change Value of Parameter Manufacturer in Part R2 Old=Yageo New=Hitano
Change Value of Parameter Manufacturer in Part R3 Old=Yageo New=Hitano
Change Value of Parameter Manufacturer in Part R4 Old=Yageo New=Hitano
Change Value of Parameter Manufacturer in Part R5 Old=Yageo New=Hitano
Change Value of Parameter Manufacturer in Part R6 Old=Yageo New=Hitano
Change Value of Parameter Manufacturer in Part R7 Old=Yageo New=Hitano
Change Value of Parameter Manufacturer in Part R8 Old=Yageo New=Hitano
Change Value of Parameter Manufacturer in Part R9 Old=Yageo New=Hitano
Change Value of Parameter Manufacturer in Part R10 Old=Yageo New=Hitano
Change Value of Parameter Manufacturer in Part R11 Old=Yageo New=Hitano
Change Value of Parameter Manufacturer in Part R12 Old=Yageo New=Hitano
Change Value of Parameter Manufacturer in Part VD1 Old=Diodes Incorporated New=NXP
Change Value of Parameter Manufacturer in Part VD2 Old=Diodes Incorporated New=NXP
Change Value of Parameter Manufacturer in Part VD3 Old=Diodes Incorporated New=NXP
Change Value of Parameter Manufacturer in Part VT1 Old=Fairchild/ON Semiconductor New=Infineon
Change Value of Parameter Manufacturer in Part VT2 Old=Fairchild/ON Semiconductor New=Infineon
Change Value of Parameter Manufacturer in Part VT3 Old=Fairchild/ON Semiconductor New=Infineon
Change Value of Parameter Manufacturer in Part XP1 Old=Wurth Electronics Inc. New=KLS
Change Value of Parameter Manufacturer in Part ZQ1 Old=Abracon New=Jauch
