Change Physical Footprint: Designator=C1 Old Footprint=C-0805 New Footprint=C-0805
Change Physical Footprint: Designator=C2 Old Footprint=C-0805 New Footprint=C-0805
Change Physical Footprint: Designator=C3 Old Footprint=C-0805 New Footprint=C-0805
Change Physical Footprint: Designator=C4 Old Footprint=C-0805 New Footprint=C-0805
Change Physical Footprint: Designator=C5 Old Footprint=C-0805 New Footprint=C-0805
Change Physical Footprint: Designator=DD1 Old Footprint=DIP14 New Footprint=DIP14
Change Physical Footprint: Designator=DD2 Old Footprint=D14 New Footprint=D14
Change Physical Footprint: Designator=DD3 Old Footprint=D14 New Footprint=D14
Change Physical Footprint: Designator=DD4 Old Footprint=D14 New Footprint=D14
Change Physical Footprint: Designator=DD5 Old Footprint=D14 New Footprint=D14
Change Physical Footprint: Designator=DD6 Old Footprint=D14 New Footprint=D14
Change Physical Footprint: Designator=DD7 Old Footprint=D16 New Footprint=D16
Change Physical Footprint: Designator=DD8 Old Footprint=D16 New Footprint=D16
Change Physical Footprint: Designator=DD9 Old Footprint=D14 New Footprint=D14
Change Physical Footprint: Designator=DD10 Old Footprint=D14 New Footprint=D14
Change Physical Footprint: Designator=DD11 Old Footprint=D14 New Footprint=D14
Change Physical Footprint: Designator=R1 Old Footprint=RC0805N New Footprint=RC0805N
Change Physical Footprint: Designator=R2 Old Footprint=RC0805N New Footprint=RC0805N
Change Physical Footprint: Designator=R3 Old Footprint=RC0805N New Footprint=RC0805N
Change Physical Footprint: Designator=R4 Old Footprint=RC0805N New Footprint=RC0805N
Change Physical Footprint: Designator=R5 Old Footprint=RC0805N New Footprint=RC0805N
Change Physical Footprint: Designator=R6 Old Footprint=RC0805N New Footprint=RC0805N
Change Physical Footprint: Designator=R7 Old Footprint=RC0805N New Footprint=RC0805N
Change Physical Footprint: Designator=R8 Old Footprint=RC0805N New Footprint=RC0805N
Change Physical Footprint: Designator=R9 Old Footprint=RC0805N New Footprint=RC0805N
Change Physical Footprint: Designator=R10 Old Footprint=RC0805N New Footprint=RC0805N
Change Physical Footprint: Designator=R11 Old Footprint=RC0805N New Footprint=RC0805N
Change Physical Footprint: Designator=R12 Old Footprint=RC0805N New Footprint=RC0805N
Change Physical Footprint: Designator=VD1 Old Footprint=SOD123 New Footprint=SOD123
Change Physical Footprint: Designator=VD2 Old Footprint=SOD123 New Footprint=SOD123
Change Physical Footprint: Designator=VD3 Old Footprint=SOD123 New Footprint=SOD123
Change Physical Footprint: Designator=VT1 Old Footprint=SOT23 New Footprint=SOT23
Change Physical Footprint: Designator=VT2 Old Footprint=SOT23 New Footprint=SOT23
Change Physical Footprint: Designator=VT3 Old Footprint=SOT23 New Footprint=SOT23
Change Physical Footprint: Designator=XP1 Old Footprint=TE 282834-2 New Footprint=TE 282834-2
Change Physical Footprint: Designator=XP2 Old Footprint=PLS-2 New Footprint=PLS-2
Change Physical Footprint: Designator=ZQ1 Old Footprint=CRYSTAL_ABMM2 New Footprint=CRYSTAL_ABMM2
