Change Component Designator: Old Designator=C1 New Designator=C?
Change Component Designator: Old Designator=C2 New Designator=C?
Change Component Designator: Old Designator=C3 New Designator=C?
Change Component Designator: Old Designator=C4 New Designator=C?
Change Component Designator: Old Designator=C5 New Designator=C?
Change Component Designator: Old Designator=DD1 New Designator=DD?
Change Component Designator: Old Designator=DD2 New Designator=DD?
Change Component Designator: Old Designator=DD2 New Designator=DD?
Change Component Designator: Old Designator=DD2 New Designator=DD?
Change Component Designator: Old Designator=DD2 New Designator=DD?
Change Component Designator: Old Designator=DD3 New Designator=DD?
Change Component Designator: Old Designator=DD4 New Designator=DD?
Change Component Designator: Old Designator=DD5 New Designator=DD?
Change Component Designator: Old Designator=DD5 New Designator=DD?
Change Component Designator: Old Designator=DD5 New Designator=DD?
Change Component Designator: Old Designator=DD6 New Designator=DD?
Change Component Designator: Old Designator=DD7 New Designator=DD?
Change Component Designator: Old Designator=DD8 New Designator=DD?
Change Component Designator: Old Designator=DD9 New Designator=DD?
Change Component Designator: Old Designator=DD9 New Designator=DD?
Change Component Designator: Old Designator=DD9 New Designator=DD?
Change Component Designator: Old Designator=DD10 New Designator=DD?
Change Component Designator: Old Designator=DD10 New Designator=DD?
Change Component Designator: Old Designator=DD10 New Designator=DD?
Change Component Designator: Old Designator=DD11 New Designator=DD?
Change Component Designator: Old Designator=DD11 New Designator=DD?
Change Component Designator: Old Designator=R1 New Designator=R?
Change Component Designator: Old Designator=R2 New Designator=R?
Change Component Designator: Old Designator=R3 New Designator=R?
Change Component Designator: Old Designator=R4 New Designator=R?
Change Component Designator: Old Designator=R5 New Designator=R?
Change Component Designator: Old Designator=R6 New Designator=R?
Change Component Designator: Old Designator=R7 New Designator=R?
Change Component Designator: Old Designator=R8 New Designator=R?
Change Component Designator: Old Designator=R9 New Designator=R?
Change Component Designator: Old Designator=R10 New Designator=R?
Change Component Designator: Old Designator=R11 New Designator=R?
Change Component Designator: Old Designator=R12 New Designator=R?
Change Component Designator: Old Designator=VD1 New Designator=VD?
Change Component Designator: Old Designator=VD2 New Designator=VD?
Change Component Designator: Old Designator=VD3 New Designator=VD?
Change Component Designator: Old Designator=VT1 New Designator=VT?
Change Component Designator: Old Designator=VT2 New Designator=VT?
Change Component Designator: Old Designator=VT3 New Designator=VT?
Change Component Designator: Old Designator=XP1 New Designator=XP?
Change Component Designator: Old Designator=XP2 New Designator=XP?
Change Component Designator: Old Designator=ZQ1 New Designator=ZQ?
