Replace Part DD2 K561LA7(DD2) in C:\Users\Public\Documents\Altium\Project\CodeBlock.SchDoc with K561LA7(DD2) from CodeBlock.SchLib
Replace Part DD2 K561LA7(DD2) in C:\Users\Public\Documents\Altium\Project\CodeBlock.SchDoc with K561LA7(DD2) from CodeBlock.SchLib
Replace Part DD2 K561LA7(DD2) in C:\Users\Public\Documents\Altium\Project\CodeBlock.SchDoc with K561LA7(DD2) from CodeBlock.SchLib
Replace Part DD3 K561LP2(DD9) in C:\Users\Public\Documents\Altium\Project\CodeBlock.SchDoc with K561LP2(DD9) from CodeBlock.SchLib
Replace Part DD3 K561LP2(DD9) in C:\Users\Public\Documents\Altium\Project\CodeBlock.SchDoc with K561LP2(DD9) from CodeBlock.SchLib
Replace Part DD3 K561LP2(DD9) in C:\Users\Public\Documents\Altium\Project\CodeBlock.SchDoc with K561LP2(DD9) from CodeBlock.SchLib
Replace Part DD4 K561LA7(DD10) in C:\Users\Public\Documents\Altium\Project\CodeBlock.SchDoc with K561LA7(DD10) from CodeBlock.SchLib
Replace Part DD4 K561LA7(DD10) in C:\Users\Public\Documents\Altium\Project\CodeBlock.SchDoc with K561LA7(DD10) from CodeBlock.SchLib
Replace Part DD4 K561LA7(DD10) in C:\Users\Public\Documents\Altium\Project\CodeBlock.SchDoc with K561LA7(DD10) from CodeBlock.SchLib
Replace Part DD5 K561LA9(DD7) in C:\Users\Public\Documents\Altium\Project\CodeBlock.SchDoc with K561LA9(DD7) from CodeBlock.SchLib
Replace Part DD6 K176IE1(DD3,11) in C:\Users\Public\Documents\Altium\Project\CodeBlock.SchDoc with K176IE1(DD3,11) from CodeBlock.SchLib
Replace Part DD7 K176IE1(DD3,11) in C:\Users\Public\Documents\Altium\Project\CodeBlock.SchDoc with K176IE1(DD3,11) from CodeBlock.SchLib
Replace Part DD8 K561LA7(DD2) in C:\Users\Public\Documents\Altium\Project\CodeBlock.SchDoc with K561LA7(DD2) from CodeBlock.SchLib
Replace Part DD9 K561ID1(DD4,5) in C:\Users\Public\Documents\Altium\Project\CodeBlock.SchDoc with K561ID1(DD4,5) from CodeBlock.SchLib
Replace Part DD10 K561ID1(DD4,5) in C:\Users\Public\Documents\Altium\Project\CodeBlock.SchDoc with K561ID1(DD4,5) from CodeBlock.SchLib
Replace Part DD? K176IE5(DD1) in C:\Users\Public\Documents\Altium\Project\CodeBlock.SchDoc with K176IE5(DD1) from CodeBlock.SchLib
Replace Part R1 R-0805_22M in C:\Users\Public\Documents\Altium\Project\CodeBlock.SchDoc with R-0805_22M from CodeBlock.SchLib
Replace Part R2 R-0805 in C:\Users\Public\Documents\Altium\Project\CodeBlock.SchDoc with R-0805 from CodeBlock.SchLib
Replace Part R3 R-0805 in C:\Users\Public\Documents\Altium\Project\CodeBlock.SchDoc with R-0805 from CodeBlock.SchLib
Replace Part R4 R-0805 in C:\Users\Public\Documents\Altium\Project\CodeBlock.SchDoc with R-0805 from CodeBlock.SchLib
Replace Part R5 R-0805 in C:\Users\Public\Documents\Altium\Project\CodeBlock.SchDoc with R-0805 from CodeBlock.SchLib
Replace Part R6 R-0805 in C:\Users\Public\Documents\Altium\Project\CodeBlock.SchDoc with R-0805 from CodeBlock.SchLib
Replace Part R7 R-0805 in C:\Users\Public\Documents\Altium\Project\CodeBlock.SchDoc with R-0805 from CodeBlock.SchLib
Replace Part VD1 1N4148W-7-F in C:\Users\Public\Documents\Altium\Project\CodeBlock.SchDoc with 1N4148W-7-F from CodeBlock.SchLib
Replace Part VT1 KSC1623YMTF in C:\Users\Public\Documents\Altium\Project\CodeBlock.SchDoc with KSC1623YMTF from CodeBlock.SchLib
Replace Part XP1 732-2747-ND(Input) in C:\Users\Public\Documents\Altium\Project\CodeBlock.SchDoc with 732-2747-ND(Input) from CodeBlock.SchLib
Replace Part ZQ1 ABMM2-32.768kHZ in C:\Users\Public\Documents\Altium\Project\CodeBlock.SchDoc with ABMM2-32.768kHZ from CodeBlock.SchLib
