Change Component Comment : Designator=VT1 Old Comment=KSC1623YMTF Infineon New Comment=KSC1623YMTF ON Semiconductor
Change Component Comment : Designator=VT2 Old Comment=KSC1623YMTF Infineon New Comment=KSC1623YMTF ON Semiconductor
Change Component Comment : Designator=VT3 Old Comment=KSC1623YMTF Infineon New Comment=KSC1623YMTF ON Semiconductor
Change Component Comment : Designator=DD9 Old Comment=SN74F11BM96 Texas Instruments New Comment=SN74F38DR Texas Instruments
Change Component Comment : Designator=DD6 Old Comment=SN74F13BM96 Texas Instruments New Comment=SN74F13DR Texas Instruments
Change Component Comment : Designator=DD11 Old Comment=SN74F13BM96 Texas Instruments New Comment=SN74F13DR Texas Instruments
Change Component Comment : Designator=DD10 Old Comment=SN74F23BM Texas Instruments New Comment=SN74F10DR Texas Instruments
Change Component Comment : Designator=DD3 Old Comment=SN74F24BM Texas Instruments New Comment=SN74F24DR Texas Instruments
Change Component Comment : Designator=DD4 Old Comment=SN74F24BM Texas Instruments New Comment=SN74F24DR Texas Instruments
Change Component Comment : Designator=DD7 Old Comment=SN74F28BM96 Texas Instruments New Comment=SN74F28DR Texas Instruments
Change Component Comment : Designator=DD8 Old Comment=SN74F28BM96 Texas Instruments New Comment=SN74F28DR Texas Instruments
Change Component Comment : Designator=DD5 Old Comment=SN74F70BM96 Texas Instruments New Comment=SN74F86DR Texas Instruments
Change component parameters: Designator = "VT1"; Footprint = "SOT23"; UniqueID = "\MQLWNGJN"
Change component parameters. Clean all parameters for all variants
Change component parameters (AddParameter): Name = "ComponentLink1Description"; Value = "Component"; VariantName = "[No Variations]"
Change component parameters (AddParameter): Name = "ComponentLink1URL"; Value = "https://www.digikey.com/product-detail/en/on-semiconductor/KSC1623YMTF/KSC1623YMTFTR-ND/1047566"; VariantName = "[No Variations]"
Change component parameters (AddParameter): Name = "Manufacturer"; Value = "ON Semiconductor"; VariantName = "[No Variations]"
Change component parameters (AddParameter): Name = "Name"; Value = "KSC1623YMTF"; VariantName = "[No Variations]"
Change component parameters: Designator = "VT2"; Footprint = "SOT23"; UniqueID = "\MILWXIKI"
Change component parameters. Clean all parameters for all variants
Change component parameters (AddParameter): Name = "ComponentLink1Description"; Value = "Component"; VariantName = "[No Variations]"
Change component parameters (AddParameter): Name = "ComponentLink1URL"; Value = "https://www.digikey.com/product-detail/en/on-semiconductor/KSC1623YMTF/KSC1623YMTFTR-ND/1047566"; VariantName = "[No Variations]"
Change component parameters (AddParameter): Name = "Manufacturer"; Value = "ON Semiconductor"; VariantName = "[No Variations]"
Change component parameters (AddParameter): Name = "Name"; Value = "KSC1623YMTF"; VariantName = "[No Variations]"
Change component parameters: Designator = "VT3"; Footprint = "SOT23"; UniqueID = "\XGKANWED"
Change component parameters. Clean all parameters for all variants
Change component parameters (AddParameter): Name = "ComponentLink1Description"; Value = "Component"; VariantName = "[No Variations]"
Change component parameters (AddParameter): Name = "ComponentLink1URL"; Value = "https://www.digikey.com/product-detail/en/on-semiconductor/KSC1623YMTF/KSC1623YMTFTR-ND/1047566"; VariantName = "[No Variations]"
Change component parameters (AddParameter): Name = "Manufacturer"; Value = "ON Semiconductor"; VariantName = "[No Variations]"
Change component parameters (AddParameter): Name = "Name"; Value = "KSC1623YMTF"; VariantName = "[No Variations]"
Change component parameters: Designator = "DD3"; Footprint = "D14"; UniqueID = "\QYYUCWVL"
Change component parameters. Clean all parameters for all variants
Change component parameters (AddParameter): Name = "ComponentLink1Description"; Value = "Component"; VariantName = "[No Variations]"
Change component parameters (AddParameter): Name = "ComponentLink1URL"; Value = "https://www.digikey.com/product-detail/en/texas-instruments/CD4024BM/296-25942-5-ND/1690888"; VariantName = "[No Variations]"
Change component parameters (AddParameter): Name = "Manufacturer"; Value = "Texas Instruments"; VariantName = "[No Variations]"
Change component parameters (AddParameter): Name = "Name"; Value = "SN74F24DR"; VariantName = "[No Variations]"
Change component parameters: Designator = "DD4"; Footprint = "D14"; UniqueID = "\UWSCSVOG"
Change component parameters. Clean all parameters for all variants
Change component parameters (AddParameter): Name = "ComponentLink1Description"; Value = "Component"; VariantName = "[No Variations]"
Change component parameters (AddParameter): Name = "ComponentLink1URL"; Value = "https://www.digikey.com/product-detail/en/texas-instruments/CD4024BM/296-25942-5-ND/1690888"; VariantName = "[No Variations]"
Change component parameters (AddParameter): Name = "Manufacturer"; Value = "Texas Instruments"; VariantName = "[No Variations]"
Change component parameters (AddParameter): Name = "Name"; Value = "SN74F24DR"; VariantName = "[No Variations]"
Change component parameters: Designator = "DD5"; Footprint = "D14"; UniqueID = "\KBCDQTPM"
Change component parameters. Clean all parameters for all variants
Change component parameters (AddParameter): Name = "ComponentLink1Description"; Value = "Component"; VariantName = "[No Variations]"
Change component parameters (AddParameter): Name = "ComponentLink1URL"; Value = "https://www.digikey.com/product-detail/en/texas-instruments/CD4070BM96/296-31517-2-ND/1691299"; VariantName = "[No Variations]"
Change component parameters (AddParameter): Name = "Manufacturer"; Value = "Texas Instruments"; VariantName = "[No Variations]"
Change component parameters (AddParameter): Name = "Name"; Value = "SN74F86DR"; VariantName = "[No Variations]"
Change component parameters: Designator = "DD6"; Footprint = "D14"; UniqueID = "\BSQANVSR"
Change component parameters. Clean all parameters for all variants
Change component parameters (AddParameter): Name = "ComponentLink1Description"; Value = "Component"; VariantName = "[No Variations]"
Change component parameters (AddParameter): Name = "ComponentLink1URL"; Value = "https://www.digikey.com/product-detail/en/texas-instruments/CD4013BM96/296-24347-2-ND/1690718"; VariantName = "[No Variations]"
Change component parameters (AddParameter): Name = "Manufacturer"; Value = "Texas Instruments"; VariantName = "[No Variations]"
Change component parameters (AddParameter): Name = "Name"; Value = "SN74F13DR"; VariantName = "[No Variations]"
Change component parameters: Designator = "DD7"; Footprint = "D16"; UniqueID = "\IVBGMXYW"
Change component parameters. Clean all parameters for all variants
Change component parameters (AddParameter): Name = "ComponentLink1Description"; Value = "Component"; VariantName = "[No Variations]"
Change component parameters (AddParameter): Name = "ComponentLink1URL"; Value = "https://www.digikey.com/product-detail/en/texas-instruments/CD4028BM96/296-16702-2-ND/614903"; VariantName = "[No Variations]"
Change component parameters (AddParameter): Name = "Manufacturer"; Value = "Texas Instruments"; VariantName = "[No Variations]"
Change component parameters (AddParameter): Name = "Name"; Value = "SN74F28DR"; VariantName = "[No Variations]"
Change component parameters: Designator = "DD8"; Footprint = "D16"; UniqueID = "\GVMJXPMT"
Change component parameters. Clean all parameters for all variants
Change component parameters (AddParameter): Name = "ComponentLink1Description"; Value = "Component"; VariantName = "[No Variations]"
Change component parameters (AddParameter): Name = "ComponentLink1URL"; Value = "https://www.digikey.com/product-detail/en/texas-instruments/CD4028BM96/296-16702-2-ND/614903"; VariantName = "[No Variations]"
Change component parameters (AddParameter): Name = "Manufacturer"; Value = "Texas Instruments"; VariantName = "[No Variations]"
Change component parameters (AddParameter): Name = "Name"; Value = "SN74F28DR"; VariantName = "[No Variations]"
Change component parameters: Designator = "DD9"; Footprint = "D14"; UniqueID = "\GRBMPRBP"
Change component parameters. Clean all parameters for all variants
Change component parameters (AddParameter): Name = "ComponentLink1Description"; Value = "Component"; VariantName = "[No Variations]"
Change component parameters (AddParameter): Name = "ComponentLink1URL"; Value = "https://www.digikey.com/product-detail/en/texas-instruments/CD4011BM96/296-14474-2-ND/555772"; VariantName = "[No Variations]"
Change component parameters (AddParameter): Name = "Manufacturer"; Value = "Texas Instruments"; VariantName = "[No Variations]"
Change component parameters (AddParameter): Name = "Name"; Value = "SN74F38DR"; VariantName = "[No Variations]"
Change component parameters: Designator = "DD10"; Footprint = "D14"; UniqueID = "\HBFGXNXQ"
Change component parameters. Clean all parameters for all variants
Change component parameters (AddParameter): Name = "ComponentLink1Description"; Value = "Component"; VariantName = "[No Variations]"
Change component parameters (AddParameter): Name = "ComponentLink1URL"; Value = "https://www.digikey.com/product-detail/en/texas-instruments/CD4023BM/296-25941-5-ND/1690876"; VariantName = "[No Variations]"
Change component parameters (AddParameter): Name = "Manufacturer"; Value = "Texas Instruments"; VariantName = "[No Variations]"
Change component parameters (AddParameter): Name = "Name"; Value = "SN74F10DR"; VariantName = "[No Variations]"
Change component parameters: Designator = "DD11"; Footprint = "D14"; UniqueID = "\BHJGDTJJ"
Change component parameters. Clean all parameters for all variants
Change component parameters (AddParameter): Name = "ComponentLink1Description"; Value = "Component"; VariantName = "[No Variations]"
Change component parameters (AddParameter): Name = "ComponentLink1URL"; Value = "https://www.digikey.com/product-detail/en/texas-instruments/CD4013BM96/296-24347-2-ND/1690718"; VariantName = "[No Variations]"
Change component parameters (AddParameter): Name = "Manufacturer"; Value = "Texas Instruments"; VariantName = "[No Variations]"
Change component parameters (AddParameter): Name = "Name"; Value = "SN74F13DR"; VariantName = "[No Variations]"
Added Room: Name=CodeBlock
