Replace Symbol from DD1 K176IE5(DD1) in C:\Users\Public\Documents\Altium\Project\CodeBlock.SchDoc with K176IE5(DD1) from CodeBlock.SchLib
Replace Symbol from DD2 K561LA7(DD2) in C:\Users\Public\Documents\Altium\Project\CodeBlock.SchDoc with K561LA7(DD2) from CodeBlock.SchLib
Replace Symbol from DD2 K561LA7(DD2) in C:\Users\Public\Documents\Altium\Project\CodeBlock.SchDoc with K561LA7(DD2) from CodeBlock.SchLib
Replace Symbol from DD2 K561LA7(DD2) in C:\Users\Public\Documents\Altium\Project\CodeBlock.SchDoc with K561LA7(DD2) from CodeBlock.SchLib
Replace Symbol from DD2 K561LA7(DD2) in C:\Users\Public\Documents\Altium\Project\CodeBlock.SchDoc with K561LA7(DD2) from CodeBlock.SchLib
Replace Symbol from DD3 K176IE1(DD3) in C:\Users\Public\Documents\Altium\Project\CodeBlock.SchDoc with K176IE1(DD3) from CodeBlock.SchLib
Replace Symbol from DD4 K176IE1(DD11) in C:\Users\Public\Documents\Altium\Project\CodeBlock.SchDoc with K176IE1(DD11) from CodeBlock.SchLib
Replace Symbol from DD5 K561LP2(DD9) in C:\Users\Public\Documents\Altium\Project\CodeBlock.SchDoc with K561LP2(DD9) from CodeBlock.SchLib
Replace Symbol from DD5 K561LP2(DD9) in C:\Users\Public\Documents\Altium\Project\CodeBlock.SchDoc with K561LP2(DD9) from CodeBlock.SchLib
Replace Symbol from DD5 K561LP2(DD9) in C:\Users\Public\Documents\Altium\Project\CodeBlock.SchDoc with K561LP2(DD9) from CodeBlock.SchLib
Replace Symbol from DD6 K561TM2(DD8) in C:\Users\Public\Documents\Altium\Project\CodeBlock.SchDoc with K561TM2(DD8) from CodeBlock.SchLib
Replace Symbol from DD7 K561ID1(DD4) in C:\Users\Public\Documents\Altium\Project\CodeBlock.SchDoc with K561ID1(DD4) from CodeBlock.SchLib
Replace Symbol from DD8 K561ID1(DD5) in C:\Users\Public\Documents\Altium\Project\CodeBlock.SchDoc with K561ID1(DD5) from CodeBlock.SchLib
Replace Symbol from DD9 K561LA7(DD10) in C:\Users\Public\Documents\Altium\Project\CodeBlock.SchDoc with K561LA7(DD10) from CodeBlock.SchLib
Replace Symbol from DD9 K561LA7(DD10) in C:\Users\Public\Documents\Altium\Project\CodeBlock.SchDoc with K561LA7(DD10) from CodeBlock.SchLib
Replace Symbol from DD9 K561LA7(DD10) in C:\Users\Public\Documents\Altium\Project\CodeBlock.SchDoc with K561LA7(DD10) from CodeBlock.SchLib
Replace Symbol from DD10 K561LA9(DD7) in C:\Users\Public\Documents\Altium\Project\CodeBlock.SchDoc with K561LA9(DD7) from CodeBlock.SchLib
Replace Symbol from DD10 K561LA9(DD7) in C:\Users\Public\Documents\Altium\Project\CodeBlock.SchDoc with K561LA9(DD7) from CodeBlock.SchLib
Replace Symbol from DD10 K561LA9(DD7) in C:\Users\Public\Documents\Altium\Project\CodeBlock.SchDoc with K561LA9(DD7) from CodeBlock.SchLib
Replace Symbol from DD11 K561TM2(DD6) in C:\Users\Public\Documents\Altium\Project\CodeBlock.SchDoc with K561TM2(DD6) from CodeBlock.SchLib
Replace Symbol from DD11 K561TM2(DD6) in C:\Users\Public\Documents\Altium\Project\CodeBlock.SchDoc with K561TM2(DD6) from CodeBlock.SchLib
