Removed Pin From Net: NetName=GND Pin=DD1-7
Removed Pin From Net: NetName=VDD Pin=DD1-14
Removed Pin From Net: NetName=GND Pin=DD2-7
Removed Pin From Net: NetName=NetDD2_13 Pin=DD2-13
Removed Pin From Net: NetName=VDD Pin=DD2-14
Removed Pin From Net: NetName=GND Pin=DD3-7
Removed Pin From Net: NetName=VDD Pin=DD3-14
Removed Pin From Net: NetName=GND Pin=DD4-7
Removed Pin From Net: NetName=VDD Pin=DD4-14
Removed Pin From Net: NetName=GND Pin=DD5-7
Removed Pin From Net: NetName=VDD Pin=DD5-14
Removed Pin From Net: NetName=GND Pin=DD6-7
Removed Pin From Net: NetName=VDD Pin=DD6-14
Removed Pin From Net: NetName=GND Pin=DD7-8
Removed Pin From Net: NetName=VDD Pin=DD7-16
Removed Pin From Net: NetName=GND Pin=DD8-8
Removed Pin From Net: NetName=VDD Pin=DD8-16
Removed Pin From Net: NetName=GND Pin=DD9-7
Removed Pin From Net: NetName=VDD Pin=DD9-14
Removed Pin From Net: NetName=GND Pin=DD10-3
Removed Pin From Net: NetName=GND Pin=DD10-7
Removed Pin From Net: NetName=NetDD2_13 Pin=DD10-8
Removed Pin From Net: NetName=VDD Pin=DD10-14
Removed Pin From Net: NetName=GND Pin=DD11-7
Removed Pin From Net: NetName=GND Pin=DD11-13
Removed Pin From Net: NetName=VDD Pin=DD11-14
Change Component Comment : Designator=VD1 Old Comment=1N4148W-7-F NXP New Comment=1N4148W-7-F Diodes Incorporated
Change Component Comment : Designator=VD2 Old Comment=1N4148W-7-F NXP New Comment=1N4148W-7-F Diodes Incorporated
Change Component Comment : Designator=VD3 Old Comment=1N4148W-7-F NXP New Comment=1N4148W-7-F Diodes Incorporated
Change Component Comment : Designator=XP1 Old Comment=732-2747-ND KLS New Comment=732-2747-ND Wurth Electronics Inc.
Change Component Comment : Designator=ZQ1 Old Comment=ABMM2-32.768MHZ Jauch New Comment=ABMM2-32.768MHZ Abracon
Change Component Comment : Designator=VT1 Old Comment=KSC1623YMTF Infineon New Comment=KSC1623YMTF Fairchild/ON Semiconductor
Change Component Comment : Designator=VT2 Old Comment=KSC1623YMTF Infineon New Comment=KSC1623YMTF Fairchild/ON Semiconductor
Change Component Comment : Designator=VT3 Old Comment=KSC1623YMTF Infineon New Comment=KSC1623YMTF Fairchild/ON Semiconductor
Change Component Comment : Designator=R10 Old Comment=R-0805 0,125 Âò 1.8 êÎì 5% Hitano New Comment=R-0805 0,125 Âò 1.8 êÎì 5% Yageo
Change Component Comment : Designator=R6 Old Comment=R-0805 0,125 Âò 1 êÎì 5% Hitano New Comment=R-0805 0,125 Âò 1 êÎì 5% Yageo
Change Component Comment : Designator=R4 Old Comment=R-0805 0,125 Âò 10 êÎì 5% Hitano New Comment=R-0805 0,125 Âò 10 êÎì 5% Yageo
Change Component Comment : Designator=R8 Old Comment=R-0805 0,125 Âò 10 êÎì 5% Hitano New Comment=R-0805 0,125 Âò 10 êÎì 5% Yageo
Change Component Comment : Designator=R11 Old Comment=R-0805 0,125 Âò 10 êÎì 5% Hitano New Comment=R-0805 0,125 Âò 10 êÎì 5% Yageo
Change Component Comment : Designator=R1 Old Comment=R-0805 0,125 Âò 22 ÌÎì 5% Hitano New Comment=R-0805 0,125 Âò 22 ÌÎì 5% Yageo
Change Component Comment : Designator=R5 Old Comment=R-0805 0,125 Âò 56 êÎì 5% Hitano New Comment=R-0805 0,125 Âò 56 êÎì 5% Yageo
Change Component Comment : Designator=R9 Old Comment=R-0805 0,125 Âò 56 êÎì 5% Hitano New Comment=R-0805 0,125 Âò 56 êÎì 5% Yageo
Change Component Comment : Designator=R12 Old Comment=R-0805 0,125 Âò 100 Îì 5% Hitano New Comment=R-0805 0,125 Âò 100 Îì 5% Yageo
Change Component Comment : Designator=R3 Old Comment=R-0805 0,125 Âò 100 êÎì 5% Hitano New Comment=R-0805 0,125 Âò 100 êÎì 5% Yageo
Change Component Comment : Designator=R7 Old Comment=R-0805 0,125 Âò 200 êÎì 5% Hitano New Comment=R-0805 0,125 Âò 200 êÎì 5% Yageo
Change Component Comment : Designator=R2 Old Comment=R-0805 0,125 Âò 560 êÎì 5% Hitano New Comment=R-0805 0,125 Âò 560 êÎì 5% Yageo
Change Component Comment : Designator=DD9 Old Comment=SN74F11BM96 Texas Instruments New Comment=CD4011BM96 Texas Instruments
Change Component Comment : Designator=DD6 Old Comment=SN74F13BM96 Texas Instruments New Comment=CD4013BM96 Texas Instruments
Change Component Comment : Designator=DD11 Old Comment=SN74F13BM96 Texas Instruments New Comment=CD4013BM96 Texas Instruments
Change Component Comment : Designator=DD10 Old Comment=SN74F23BM Texas Instruments New Comment=CD4023BM Texas Instruments
Change Component Comment : Designator=DD3 Old Comment=SN74F24BM Texas Instruments New Comment=CD4024BM Texas Instruments
Change Component Comment : Designator=DD4 Old Comment=SN74F24BM Texas Instruments New Comment=CD4024BM Texas Instruments
Change Component Comment : Designator=DD7 Old Comment=SN74F28BM96 Texas Instruments New Comment=CD4028BM96 Texas Instruments
Change Component Comment : Designator=DD8 Old Comment=SN74F28BM96 Texas Instruments New Comment=CD4028BM96 Texas Instruments
Change Component Comment : Designator=DD2 Old Comment=SN74F38DR Texas Instruments New Comment=CD4011BM96 Texas Instruments
Change Component Comment : Designator=DD5 Old Comment=SN74F70BM96 Texas Instruments New Comment=CD4070BM96 Texas Instruments
Change Component Designator: OldDesignator=R10 NewDesignator=R11
Change Component Designator: OldDesignator=R11 NewDesignator=R10
Change component parameters: Designator = "R1"; Footprint = "RC0805N"; UniqueID = "\KAUJPYGO"
Change component parameters. Clean all parameters for all variants
Change component parameters (AddParameter): Name = "ComponentLink1Description"; Value = "Component"; VariantName = "[No Variations]"
Change component parameters (AddParameter): Name = "ComponentLink1URL"; Value = "https://www.digikey.com/product-detail/en/yageo/RC0805JR-07100RL/311-100ARTR-ND/728238"; VariantName = "[No Variations]"
Change component parameters (AddParameter): Name = "Manufacturer"; Value = "Yageo"; VariantName = "[No Variations]"
Change component parameters (AddParameter): Name = "Package"; Value = "R-0805"; VariantName = "[No Variations]"
Change component parameters (AddParameter): Name = "Power"; Value = "0,125 Âò"; VariantName = "[No Variations]"
Change component parameters (AddParameter): Name = "Tolerance"; Value = "5%"; VariantName = "[No Variations]"
Change component parameters (AddParameter): Name = "Value"; Value = "22 ÌÎì"; VariantName = "[No Variations]"
Change component parameters: Designator = "R2"; Footprint = "RC0805N"; UniqueID = "\KSYWQUQE"
Change component parameters. Clean all parameters for all variants
Change component parameters (AddParameter): Name = "ComponentLink1Description"; Value = "Component"; VariantName = "[No Variations]"
Change component parameters (AddParameter): Name = "ComponentLink1URL"; Value = "https://www.digikey.com/product-detail/en/yageo/RC0805JR-07100RL/311-100ARTR-ND/728238"; VariantName = "[No Variations]"
Change component parameters (AddParameter): Name = "Manufacturer"; Value = "Yageo"; VariantName = "[No Variations]"
Change component parameters (AddParameter): Name = "Package"; Value = "R-0805"; VariantName = "[No Variations]"
Change component parameters (AddParameter): Name = "Power"; Value = "0,125 Âò"; VariantName = "[No Variations]"
Change component parameters (AddParameter): Name = "Tolerance"; Value = "5%"; VariantName = "[No Variations]"
Change component parameters (AddParameter): Name = "Value"; Value = "560 êÎì"; VariantName = "[No Variations]"
Change component parameters: Designator = "R3"; Footprint = "RC0805N"; UniqueID = "\JCVISPGW"
Change component parameters. Clean all parameters for all variants
Change component parameters (AddParameter): Name = "ComponentLink1Description"; Value = "Component"; VariantName = "[No Variations]"
Change component parameters (AddParameter): Name = "ComponentLink1URL"; Value = "https://www.digikey.com/product-detail/en/yageo/RC0805JR-07100RL/311-100ARTR-ND/728238"; VariantName = "[No Variations]"
Change component parameters (AddParameter): Name = "Manufacturer"; Value = "Yageo"; VariantName = "[No Variations]"
Change component parameters (AddParameter): Name = "Package"; Value = "R-0805"; VariantName = "[No Variations]"
Change component parameters (AddParameter): Name = "Power"; Value = "0,125 Âò"; VariantName = "[No Variations]"
Change component parameters (AddParameter): Name = "Tolerance"; Value = "5%"; VariantName = "[No Variations]"
Change component parameters (AddParameter): Name = "Value"; Value = "100 êÎì"; VariantName = "[No Variations]"
Change component parameters: Designator = "R4"; Footprint = "RC0805N"; UniqueID = "\WDMCYNXQ"
Change component parameters. Clean all parameters for all variants
Change component parameters (AddParameter): Name = "ComponentLink1Description"; Value = "Component"; VariantName = "[No Variations]"
Change component parameters (AddParameter): Name = "ComponentLink1URL"; Value = "https://www.digikey.com/product-detail/en/yageo/RC0805JR-07100RL/311-100ARTR-ND/728238"; VariantName = "[No Variations]"
Change component parameters (AddParameter): Name = "Manufacturer"; Value = "Yageo"; VariantName = "[No Variations]"
Change component parameters (AddParameter): Name = "Package"; Value = "R-0805"; VariantName = "[No Variations]"
Change component parameters (AddParameter): Name = "Power"; Value = "0,125 Âò"; VariantName = "[No Variations]"
Change component parameters (AddParameter): Name = "Tolerance"; Value = "5%"; VariantName = "[No Variations]"
Change component parameters (AddParameter): Name = "Value"; Value = "10 êÎì"; VariantName = "[No Variations]"
Change component parameters: Designator = "R5"; Footprint = "RC0805N"; UniqueID = "\LFKTOUWU"
Change component parameters. Clean all parameters for all variants
Change component parameters (AddParameter): Name = "ComponentLink1Description"; Value = "Component"; VariantName = "[No Variations]"
Change component parameters (AddParameter): Name = "ComponentLink1URL"; Value = "https://www.digikey.com/product-detail/en/yageo/RC0805JR-07100RL/311-100ARTR-ND/728238"; VariantName = "[No Variations]"
Change component parameters (AddParameter): Name = "Manufacturer"; Value = "Yageo"; VariantName = "[No Variations]"
Change component parameters (AddParameter): Name = "Package"; Value = "R-0805"; VariantName = "[No Variations]"
Change component parameters (AddParameter): Name = "Power"; Value = "0,125 Âò"; VariantName = "[No Variations]"
Change component parameters (AddParameter): Name = "Tolerance"; Value = "5%"; VariantName = "[No Variations]"
Change component parameters (AddParameter): Name = "Value"; Value = "56 êÎì"; VariantName = "[No Variations]"
Change component parameters: Designator = "R6"; Footprint = "RC0805N"; UniqueID = "\YENGBKTN"
Change component parameters. Clean all parameters for all variants
Change component parameters (AddParameter): Name = "ComponentLink1Description"; Value = "Component"; VariantName = "[No Variations]"
Change component parameters (AddParameter): Name = "ComponentLink1URL"; Value = "https://www.digikey.com/product-detail/en/yageo/RC0805JR-07100RL/311-100ARTR-ND/728238"; VariantName = "[No Variations]"
Change component parameters (AddParameter): Name = "Manufacturer"; Value = "Yageo"; VariantName = "[No Variations]"
Change component parameters (AddParameter): Name = "Package"; Value = "R-0805"; VariantName = "[No Variations]"
Change component parameters (AddParameter): Name = "Power"; Value = "0,125 Âò"; VariantName = "[No Variations]"
Change component parameters (AddParameter): Name = "Tolerance"; Value = "5%"; VariantName = "[No Variations]"
Change component parameters (AddParameter): Name = "Value"; Value = "1 êÎì"; VariantName = "[No Variations]"
Change component parameters: Designator = "R7"; Footprint = "RC0805N"; UniqueID = "\PESINEAX"
Change component parameters. Clean all parameters for all variants
Change component parameters (AddParameter): Name = "ComponentLink1Description"; Value = "Component"; VariantName = "[No Variations]"
Change component parameters (AddParameter): Name = "ComponentLink1URL"; Value = "https://www.digikey.com/product-detail/en/yageo/RC0805JR-07100RL/311-100ARTR-ND/728238"; VariantName = "[No Variations]"
Change component parameters (AddParameter): Name = "Manufacturer"; Value = "Yageo"; VariantName = "[No Variations]"
Change component parameters (AddParameter): Name = "Package"; Value = "R-0805"; VariantName = "[No Variations]"
Change component parameters (AddParameter): Name = "Power"; Value = "0,125 Âò"; VariantName = "[No Variations]"
Change component parameters (AddParameter): Name = "Tolerance"; Value = "5%"; VariantName = "[No Variations]"
Change component parameters (AddParameter): Name = "Value"; Value = "200 êÎì"; VariantName = "[No Variations]"
Change component parameters: Designator = "R8"; Footprint = "RC0805N"; UniqueID = "\NDXQGAEC"
Change component parameters. Clean all parameters for all variants
Change component parameters (AddParameter): Name = "ComponentLink1Description"; Value = "Component"; VariantName = "[No Variations]"
Change component parameters (AddParameter): Name = "ComponentLink1URL"; Value = "https://www.digikey.com/product-detail/en/yageo/RC0805JR-07100RL/311-100ARTR-ND/728238"; VariantName = "[No Variations]"
Change component parameters (AddParameter): Name = "Manufacturer"; Value = "Yageo"; VariantName = "[No Variations]"
Change component parameters (AddParameter): Name = "Package"; Value = "R-0805"; VariantName = "[No Variations]"
Change component parameters (AddParameter): Name = "Power"; Value = "0,125 Âò"; VariantName = "[No Variations]"
Change component parameters (AddParameter): Name = "Tolerance"; Value = "5%"; VariantName = "[No Variations]"
Change component parameters (AddParameter): Name = "Value"; Value = "10 êÎì"; VariantName = "[No Variations]"
Change component parameters: Designator = "R9"; Footprint = "RC0805N"; UniqueID = "\ADXKTPML"
Change component parameters. Clean all parameters for all variants
Change component parameters (AddParameter): Name = "ComponentLink1Description"; Value = "Component"; VariantName = "[No Variations]"
Change component parameters (AddParameter): Name = "ComponentLink1URL"; Value = "https://www.digikey.com/product-detail/en/yageo/RC0805JR-07100RL/311-100ARTR-ND/728238"; VariantName = "[No Variations]"
Change component parameters (AddParameter): Name = "Manufacturer"; Value = "Yageo"; VariantName = "[No Variations]"
Change component parameters (AddParameter): Name = "Package"; Value = "R-0805"; VariantName = "[No Variations]"
Change component parameters (AddParameter): Name = "Power"; Value = "0,125 Âò"; VariantName = "[No Variations]"
Change component parameters (AddParameter): Name = "Tolerance"; Value = "5%"; VariantName = "[No Variations]"
Change component parameters (AddParameter): Name = "Value"; Value = "56 êÎì"; VariantName = "[No Variations]"
Change component parameters: Designator = "R11"; Footprint = "RC0805N"; UniqueID = "\XSNVMGAY"
Change component parameters. Clean all parameters for all variants
Change component parameters (AddParameter): Name = "ComponentLink1Description"; Value = "Component"; VariantName = "[No Variations]"
Change component parameters (AddParameter): Name = "ComponentLink1URL"; Value = "https://www.digikey.com/product-detail/en/yageo/RC0805JR-07100RL/311-100ARTR-ND/728238"; VariantName = "[No Variations]"
Change component parameters (AddParameter): Name = "Manufacturer"; Value = "Yageo"; VariantName = "[No Variations]"
Change component parameters (AddParameter): Name = "Package"; Value = "R-0805"; VariantName = "[No Variations]"
Change component parameters (AddParameter): Name = "Power"; Value = "0,125 Âò"; VariantName = "[No Variations]"
Change component parameters (AddParameter): Name = "Tolerance"; Value = "5%"; VariantName = "[No Variations]"
Change component parameters (AddParameter): Name = "Value"; Value = "1.8 êÎì"; VariantName = "[No Variations]"
Change component parameters: Designator = "R10"; Footprint = "RC0805N"; UniqueID = "\LUQELXSP"
Change component parameters. Clean all parameters for all variants
Change component parameters (AddParameter): Name = "ComponentLink1Description"; Value = "Component"; VariantName = "[No Variations]"
Change component parameters (AddParameter): Name = "ComponentLink1URL"; Value = "https://www.digikey.com/product-detail/en/yageo/RC0805JR-07100RL/311-100ARTR-ND/728238"; VariantName = "[No Variations]"
Change component parameters (AddParameter): Name = "Manufacturer"; Value = "Yageo"; VariantName = "[No Variations]"
Change component parameters (AddParameter): Name = "Package"; Value = "R-0805"; VariantName = "[No Variations]"
Change component parameters (AddParameter): Name = "Power"; Value = "0,125 Âò"; VariantName = "[No Variations]"
Change component parameters (AddParameter): Name = "Tolerance"; Value = "5%"; VariantName = "[No Variations]"
Change component parameters (AddParameter): Name = "Value"; Value = "10 êÎì"; VariantName = "[No Variations]"
Change component parameters: Designator = "R12"; Footprint = "RC0805N"; UniqueID = "\AQFGTDYP"
Change component parameters. Clean all parameters for all variants
Change component parameters (AddParameter): Name = "ComponentLink1Description"; Value = "Component"; VariantName = "[No Variations]"
Change component parameters (AddParameter): Name = "ComponentLink1URL"; Value = "https://www.digikey.com/product-detail/en/yageo/RC0805JR-07100RL/311-100ARTR-ND/728238"; VariantName = "[No Variations]"
Change component parameters (AddParameter): Name = "Manufacturer"; Value = "Yageo"; VariantName = "[No Variations]"
Change component parameters (AddParameter): Name = "Package"; Value = "R-0805"; VariantName = "[No Variations]"
Change component parameters (AddParameter): Name = "Power"; Value = "0,125 Âò"; VariantName = "[No Variations]"
Change component parameters (AddParameter): Name = "Tolerance"; Value = "5%"; VariantName = "[No Variations]"
Change component parameters (AddParameter): Name = "Value"; Value = "100 Îì"; VariantName = "[No Variations]"
Change component parameters: Designator = "VD1"; Footprint = "SOD123"; UniqueID = "\ASFWXQRK"
Change component parameters. Clean all parameters for all variants
Change component parameters (AddParameter): Name = "Manufacturer"; Value = "Diodes Incorporated"; VariantName = "[No Variations]"
Change component parameters (AddParameter): Name = "Name"; Value = "1N4148W-7-F"; VariantName = "[No Variations]"
Change component parameters: Designator = "VD2"; Footprint = "SOD123"; UniqueID = "\OELAICAQ"
Change component parameters. Clean all parameters for all variants
Change component parameters (AddParameter): Name = "Manufacturer"; Value = "Diodes Incorporated"; VariantName = "[No Variations]"
Change component parameters (AddParameter): Name = "Name"; Value = "1N4148W-7-F"; VariantName = "[No Variations]"
Change component parameters: Designator = "VD3"; Footprint = "SOD123"; UniqueID = "\AYELJFGC"
Change component parameters. Clean all parameters for all variants
Change component parameters (AddParameter): Name = "Manufacturer"; Value = "Diodes Incorporated"; VariantName = "[No Variations]"
Change component parameters (AddParameter): Name = "Name"; Value = "1N4148W-7-F"; VariantName = "[No Variations]"
Change component parameters: Designator = "VT1"; Footprint = "SOT23"; UniqueID = "\MQLWNGJN"
Change component parameters. Clean all parameters for all variants
Change component parameters (AddParameter): Name = "ComponentLink1Description"; Value = "Component"; VariantName = "[No Variations]"
Change component parameters (AddParameter): Name = "ComponentLink1URL"; Value = "https://www.digikey.com/product-detail/en/on-semiconductor/KSC1623YMTF/KSC1623YMTFTR-ND/1047566"; VariantName = "[No Variations]"
Change component parameters (AddParameter): Name = "Manufacturer"; Value = "Fairchild/ON Semiconductor"; VariantName = "[No Variations]"
Change component parameters (AddParameter): Name = "Name"; Value = "KSC1623YMTF"; VariantName = "[No Variations]"
Change component parameters: Designator = "VT2"; Footprint = "SOT23"; UniqueID = "\MILWXIKI"
Change component parameters. Clean all parameters for all variants
Change component parameters (AddParameter): Name = "ComponentLink1Description"; Value = "Component"; VariantName = "[No Variations]"
Change component parameters (AddParameter): Name = "ComponentLink1URL"; Value = "https://www.digikey.com/product-detail/en/on-semiconductor/KSC1623YMTF/KSC1623YMTFTR-ND/1047566"; VariantName = "[No Variations]"
Change component parameters (AddParameter): Name = "Manufacturer"; Value = "Fairchild/ON Semiconductor"; VariantName = "[No Variations]"
Change component parameters (AddParameter): Name = "Name"; Value = "KSC1623YMTF"; VariantName = "[No Variations]"
Change component parameters: Designator = "VT3"; Footprint = "SOT23"; UniqueID = "\XGKANWED"
Change component parameters. Clean all parameters for all variants
Change component parameters (AddParameter): Name = "ComponentLink1Description"; Value = "Component"; VariantName = "[No Variations]"
Change component parameters (AddParameter): Name = "ComponentLink1URL"; Value = "https://www.digikey.com/product-detail/en/on-semiconductor/KSC1623YMTF/KSC1623YMTFTR-ND/1047566"; VariantName = "[No Variations]"
Change component parameters (AddParameter): Name = "Manufacturer"; Value = "Fairchild/ON Semiconductor"; VariantName = "[No Variations]"
Change component parameters (AddParameter): Name = "Name"; Value = "KSC1623YMTF"; VariantName = "[No Variations]"
Change component parameters: Designator = "XP1"; Footprint = "TE 282834-2"; UniqueID = "\XOASDBAO"
Change component parameters. Clean all parameters for all variants
Change component parameters (AddParameter): Name = "Manufacturer"; Value = "Wurth Electronics Inc."; VariantName = "[No Variations]"
Change component parameters (AddParameter): Name = "Name"; Value = "732-2747-ND"; VariantName = "[No Variations]"
Change component parameters: Designator = "ZQ1"; Footprint = "CRYSTAL_ABMM2"; UniqueID = "\PQIGQCSM"
Change component parameters. Clean all parameters for all variants
Change component parameters (AddParameter): Name = "Manufacturer"; Value = "Abracon"; VariantName = "[No Variations]"
Change component parameters (AddParameter): Name = "Name"; Value = "ABMM2-32.768MHZ"; VariantName = "[No Variations]"
Change component parameters: Designator = "DD3"; Footprint = "D14"; UniqueID = "\QYYUCWVL"
Change component parameters. Clean all parameters for all variants
Change component parameters (AddParameter): Name = "ComponentLink1Description"; Value = "Component"; VariantName = "[No Variations]"
Change component parameters (AddParameter): Name = "ComponentLink1URL"; Value = "https://www.digikey.com/product-detail/en/texas-instruments/CD4024BM/296-25942-5-ND/1690888"; VariantName = "[No Variations]"
Change component parameters (AddParameter): Name = "Manufacturer"; Value = "Texas Instruments"; VariantName = "[No Variations]"
Change component parameters (AddParameter): Name = "Name"; Value = "CD4024BM"; VariantName = "[No Variations]"
Change component parameters: Designator = "DD4"; Footprint = "D14"; UniqueID = "\UWSCSVOG"
Change component parameters. Clean all parameters for all variants
Change component parameters (AddParameter): Name = "ComponentLink1Description"; Value = "Component"; VariantName = "[No Variations]"
Change component parameters (AddParameter): Name = "ComponentLink1URL"; Value = "https://www.digikey.com/product-detail/en/texas-instruments/CD4024BM/296-25942-5-ND/1690888"; VariantName = "[No Variations]"
Change component parameters (AddParameter): Name = "Manufacturer"; Value = "Texas Instruments"; VariantName = "[No Variations]"
Change component parameters (AddParameter): Name = "Name"; Value = "CD4024BM"; VariantName = "[No Variations]"
Change component parameters: Designator = "DD5"; Footprint = "D14"; UniqueID = "\KBCDQTPM"
Change component parameters. Clean all parameters for all variants
Change component parameters (AddParameter): Name = "ComponentLink1Description"; Value = "Component"; VariantName = "[No Variations]"
Change component parameters (AddParameter): Name = "ComponentLink1URL"; Value = "https://www.digikey.com/product-detail/en/texas-instruments/CD4070BM96/296-31517-2-ND/1691299"; VariantName = "[No Variations]"
Change component parameters (AddParameter): Name = "Manufacturer"; Value = "Texas Instruments"; VariantName = "[No Variations]"
Change component parameters (AddParameter): Name = "Name"; Value = "CD4070BM96"; VariantName = "[No Variations]"
Change component parameters: Designator = "DD6"; Footprint = "D14"; UniqueID = "\BSQANVSR"
Change component parameters. Clean all parameters for all variants
Change component parameters (AddParameter): Name = "ComponentLink1Description"; Value = "Component"; VariantName = "[No Variations]"
Change component parameters (AddParameter): Name = "ComponentLink1URL"; Value = "https://www.digikey.com/product-detail/en/texas-instruments/CD4013BM96/296-24347-2-ND/1690718"; VariantName = "[No Variations]"
Change component parameters (AddParameter): Name = "Manufacturer"; Value = "Texas Instruments"; VariantName = "[No Variations]"
Change component parameters (AddParameter): Name = "Name"; Value = "CD4013BM96"; VariantName = "[No Variations]"
Change component parameters: Designator = "DD7"; Footprint = "D16"; UniqueID = "\IVBGMXYW"
Change component parameters. Clean all parameters for all variants
Change component parameters (AddParameter): Name = "ComponentLink1Description"; Value = "Component"; VariantName = "[No Variations]"
Change component parameters (AddParameter): Name = "ComponentLink1URL"; Value = "https://www.digikey.com/product-detail/en/texas-instruments/CD4028BM96/296-16702-2-ND/614903"; VariantName = "[No Variations]"
Change component parameters (AddParameter): Name = "Manufacturer"; Value = "Texas Instruments"; VariantName = "[No Variations]"
Change component parameters (AddParameter): Name = "Name"; Value = "CD4028BM96"; VariantName = "[No Variations]"
Change component parameters: Designator = "DD8"; Footprint = "D16"; UniqueID = "\GVMJXPMT"
Change component parameters. Clean all parameters for all variants
Change component parameters (AddParameter): Name = "ComponentLink1Description"; Value = "Component"; VariantName = "[No Variations]"
Change component parameters (AddParameter): Name = "ComponentLink1URL"; Value = "https://www.digikey.com/product-detail/en/texas-instruments/CD4028BM96/296-16702-2-ND/614903"; VariantName = "[No Variations]"
Change component parameters (AddParameter): Name = "Manufacturer"; Value = "Texas Instruments"; VariantName = "[No Variations]"
Change component parameters (AddParameter): Name = "Name"; Value = "CD4028BM96"; VariantName = "[No Variations]"
Change component parameters: Designator = "DD9"; Footprint = "D14"; UniqueID = "\GRBMPRBP"
Change component parameters. Clean all parameters for all variants
Change component parameters (AddParameter): Name = "ComponentLink1Description"; Value = "Component"; VariantName = "[No Variations]"
Change component parameters (AddParameter): Name = "ComponentLink1URL"; Value = "https://www.digikey.com/product-detail/en/texas-instruments/CD4011BM96/296-14474-2-ND/555772"; VariantName = "[No Variations]"
Change component parameters (AddParameter): Name = "Manufacturer"; Value = "Texas Instruments"; VariantName = "[No Variations]"
Change component parameters (AddParameter): Name = "Name"; Value = "CD4011BM96"; VariantName = "[No Variations]"
Change component parameters: Designator = "DD10"; Footprint = "D14"; UniqueID = "\HBFGXNXQ"
Change component parameters. Clean all parameters for all variants
Change component parameters (AddParameter): Name = "ComponentLink1Description"; Value = "Component"; VariantName = "[No Variations]"
Change component parameters (AddParameter): Name = "ComponentLink1URL"; Value = "https://www.digikey.com/product-detail/en/texas-instruments/CD4023BM/296-25941-5-ND/1690876"; VariantName = "[No Variations]"
Change component parameters (AddParameter): Name = "Manufacturer"; Value = "Texas Instruments"; VariantName = "[No Variations]"
Change component parameters (AddParameter): Name = "Name"; Value = "CD4023BM"; VariantName = "[No Variations]"
Change component parameters: Designator = "DD11"; Footprint = "D14"; UniqueID = "\BHJGDTJJ"
Change component parameters. Clean all parameters for all variants
Change component parameters (AddParameter): Name = "ComponentLink1Description"; Value = "Component"; VariantName = "[No Variations]"
Change component parameters (AddParameter): Name = "ComponentLink1URL"; Value = "https://www.digikey.com/product-detail/en/texas-instruments/CD4013BM96/296-24347-2-ND/1690718"; VariantName = "[No Variations]"
Change component parameters (AddParameter): Name = "Manufacturer"; Value = "Texas Instruments"; VariantName = "[No Variations]"
Change component parameters (AddParameter): Name = "Name"; Value = "CD4013BM96"; VariantName = "[No Variations]"
Change component parameters: Designator = "DD2"; Footprint = "D14"; UniqueID = "\FHAVPHLH"
Change component parameters. Clean all parameters for all variants
Change component parameters (AddParameter): Name = "ComponentLink1Description"; Value = "CD4011BM96"; VariantName = "[No Variations]"
Change component parameters (AddParameter): Name = "ComponentLink1URL"; Value = "https://www.digikey.com/product-detail/en/texas-instruments/CD4011BM96/296-14474-2-ND/555772"; VariantName = "[No Variations]"
Change component parameters (AddParameter): Name = "Manufacturer"; Value = "Texas Instruments"; VariantName = "[No Variations]"
Change component parameters (AddParameter): Name = "Name"; Value = "CD4011BM96"; VariantName = "[No Variations]"
Added Pin To Net: NetName=NetDD10_1 Pin=DD2-13
Added Pin To Net: NetName=NetDD2_13 Pin=DD10-3
Added Pin To Net: NetName=NetDD10_1 Pin=DD10-8
Added Pin To Net: NetName=NetDD2_13 Pin=DD11-13
Change Net Name : Old Net Name=NetDD2_13 New Net Name=NetDD10_3
Change Net Name : Old Net Name=NetDD10_1 New Net Name=NetDD2_13
Change Net Name : Old Net Name=NetR10_2 New Net Name=NetR11_2
Change Net Name : Old Net Name=NetR11_1 New Net Name=NetR10_1
Added Member To Class: ClassName=CodeBlock Member=Component C1 Ñ-0805 50 Â 62 ïÔ 5% C0G/NP0 Kemet
Added Member To Class: ClassName=CodeBlock Member=Component C2 Ñ-0805 50 Â 22 ïÔ 5% C0G/NP0 Kemet
Added Member To Class: ClassName=CodeBlock Member=Component C3 Ñ-0805 50 Â 0.1 ïÔ 5% C0G/NP0 Kemet
Added Member To Class: ClassName=CodeBlock Member=Component C4 Ñ-0805 50 Â 3300 ïÔ 5% C0G/NP0 Kemet
Added Member To Class: ClassName=CodeBlock Member=Component C5 Ñ-0805 50 Â 100 ïÔ 5% C0G/NP0 Kemet
Added Member To Class: ClassName=CodeBlock Member=Component DD1 Ê176ÈÅ5 ÑÑÑÐ
Added Member To Class: ClassName=CodeBlock Member=Component DD2 CD4011BM96 Texas Instruments
Added Member To Class: ClassName=CodeBlock Member=Component DD3 CD4024BM Texas Instruments
Added Member To Class: ClassName=CodeBlock Member=Component DD4 CD4024BM Texas Instruments
Added Member To Class: ClassName=CodeBlock Member=Component DD5 CD4070BM96 Texas Instruments
Added Member To Class: ClassName=CodeBlock Member=Component DD6 CD4013BM96 Texas Instruments
Added Member To Class: ClassName=CodeBlock Member=Component DD7 CD4028BM96 Texas Instruments
Added Member To Class: ClassName=CodeBlock Member=Component DD8 CD4028BM96 Texas Instruments
Added Member To Class: ClassName=CodeBlock Member=Component DD9 CD4011BM96 Texas Instruments
Added Member To Class: ClassName=CodeBlock Member=Component DD10 CD4023BM Texas Instruments
Added Member To Class: ClassName=CodeBlock Member=Component DD11 CD4013BM96 Texas Instruments
Added Member To Class: ClassName=CodeBlock Member=Component R1 R-0805 0,125 Âò 22 ÌÎì 5% Yageo
Added Member To Class: ClassName=CodeBlock Member=Component R2 R-0805 0,125 Âò 560 êÎì 5% Yageo
Added Member To Class: ClassName=CodeBlock Member=Component R3 R-0805 0,125 Âò 100 êÎì 5% Yageo
Added Member To Class: ClassName=CodeBlock Member=Component R4 R-0805 0,125 Âò 10 êÎì 5% Yageo
Added Member To Class: ClassName=CodeBlock Member=Component R5 R-0805 0,125 Âò 56 êÎì 5% Yageo
Added Member To Class: ClassName=CodeBlock Member=Component R6 R-0805 0,125 Âò 1 êÎì 5% Yageo
Added Member To Class: ClassName=CodeBlock Member=Component R7 R-0805 0,125 Âò 200 êÎì 5% Yageo
Added Member To Class: ClassName=CodeBlock Member=Component R8 R-0805 0,125 Âò 10 êÎì 5% Yageo
Added Member To Class: ClassName=CodeBlock Member=Component R9 R-0805 0,125 Âò 56 êÎì 5% Yageo
Added Member To Class: ClassName=CodeBlock Member=Component R10 R-0805 0,125 Âò 10 êÎì 5% Yageo
Added Member To Class: ClassName=CodeBlock Member=Component R11 R-0805 0,125 Âò 1.8 êÎì 5% Yageo
Added Member To Class: ClassName=CodeBlock Member=Component R12 R-0805 0,125 Âò 100 Îì 5% Yageo
Added Member To Class: ClassName=CodeBlock Member=Component VD1 1N4148W-7-F Diodes Incorporated
Added Member To Class: ClassName=CodeBlock Member=Component VD2 1N4148W-7-F Diodes Incorporated
Added Member To Class: ClassName=CodeBlock Member=Component VD3 1N4148W-7-F Diodes Incorporated
Added Member To Class: ClassName=CodeBlock Member=Component VT1 KSC1623YMTF Fairchild/ON Semiconductor
Added Member To Class: ClassName=CodeBlock Member=Component VT2 KSC1623YMTF Fairchild/ON Semiconductor
Added Member To Class: ClassName=CodeBlock Member=Component VT3 KSC1623YMTF Fairchild/ON Semiconductor
Added Member To Class: ClassName=CodeBlock Member=Component XP1 732-2747-ND Wurth Electronics Inc.
Added Member To Class: ClassName=CodeBlock Member=Component XP2 PLS-2 Ningbo Zhenqin Electronic
Added Member To Class: ClassName=CodeBlock Member=Component ZQ1 ABMM2-32.768MHZ Abracon
Added Room: Name=CodeBlock
