Added Pin To Net: NetName=GND Pin=C1-1
Added Pin To Net: NetName=GND Pin=C2-1
Added Pin To Net: NetName=GND Pin=C4-1
Added Pin To Net: NetName=GND Pin=C5-1
Added Pin To Net: NetName=GND Pin=DD1-6
Added Pin To Net: NetName=GND Pin=DD1-7
Added Pin To Net: NetName=GND Pin=DD2-7
Added Pin To Net: NetName=GND Pin=DD3-7
Added Pin To Net: NetName=GND Pin=DD4-7
Added Pin To Net: NetName=GND Pin=DD5-7
Added Pin To Net: NetName=GND Pin=DD5-8
Added Pin To Net: NetName=GND Pin=DD6-3
Added Pin To Net: NetName=GND Pin=DD6-5
Added Pin To Net: NetName=GND Pin=DD6-7
Added Pin To Net: NetName=GND Pin=DD7-8
Added Pin To Net: NetName=GND Pin=DD8-8
Added Pin To Net: NetName=GND Pin=DD9-7
Added Pin To Net: NetName=GND Pin=DD10-3
Added Pin To Net: NetName=GND Pin=DD10-7
Added Pin To Net: NetName=GND Pin=DD11-4
Added Pin To Net: NetName=GND Pin=DD11-5
Added Pin To Net: NetName=GND Pin=DD11-7
Added Pin To Net: NetName=GND Pin=DD11-9
Added Pin To Net: NetName=GND Pin=DD11-10
Added Pin To Net: NetName=GND Pin=DD11-13
Added Pin To Net: NetName=GND Pin=R4-1
Added Pin To Net: NetName=GND Pin=VT1-3
Added Pin To Net: NetName=GND Pin=VT2-1
Added Pin To Net: NetName=GND Pin=VT3-3
Added Pin To Net: NetName=GND Pin=XP1-2
Added Pin To Net: NetName=GND Pin=XP2-2
Added Net: Name=GND
Added Pin To Net: NetName=NetC1_2 Pin=C1-2
Added Pin To Net: NetName=NetC1_2 Pin=DD1-9
Added Pin To Net: NetName=NetC1_2 Pin=R1-1
Added Pin To Net: NetName=NetC1_2 Pin=ZQ1-1
Added Net: Name=NetC1_2
Added Pin To Net: NetName=NetC2_2 Pin=C2-2
Added Pin To Net: NetName=NetC2_2 Pin=R2-1
Added Pin To Net: NetName=NetC2_2 Pin=ZQ1-3
Added Net: Name=NetC2_2
Added Pin To Net: NetName=NetC3_1 Pin=C3-1
Added Pin To Net: NetName=NetC3_1 Pin=DD5-5
Added Pin To Net: NetName=NetC3_1 Pin=DD5-10
Added Pin To Net: NetName=NetC3_1 Pin=R8-1
Added Net: Name=NetC3_1
Added Pin To Net: NetName=NetC3_2 Pin=C3-2
Added Pin To Net: NetName=NetC3_2 Pin=DD5-9
Added Pin To Net: NetName=NetC3_2 Pin=R7-2
Added Pin To Net: NetName=NetC3_2 Pin=VD1-1
Added Net: Name=NetC3_2
Added Pin To Net: NetName=NetC4_2 Pin=C4-2
Added Pin To Net: NetName=NetC4_2 Pin=DD5-6
Added Pin To Net: NetName=NetC4_2 Pin=R8-2
Added Net: Name=NetC4_2
Added Pin To Net: NetName=NetDD1_2 Pin=DD1-2
Added Pin To Net: NetName=NetDD1_2 Pin=DD1-11
Added Net: Name=NetDD1_2
Added Pin To Net: NetName=NetDD1_3 Pin=DD1-3
Added Pin To Net: NetName=NetDD1_3 Pin=DD3-2
Added Pin To Net: NetName=NetDD1_3 Pin=DD9-10
Added Net: Name=NetDD1_3
Added Pin To Net: NetName=NetDD1_5 Pin=DD1-5
Added Pin To Net: NetName=NetDD1_5 Pin=DD2-1
Added Pin To Net: NetName=NetDD1_5 Pin=DD2-2
Added Pin To Net: NetName=NetDD1_5 Pin=DD2-9
Added Net: Name=NetDD1_5
Added Pin To Net: NetName=NetDD1_10 Pin=DD1-10
Added Pin To Net: NetName=NetDD1_10 Pin=R1-2
Added Pin To Net: NetName=NetDD1_10 Pin=R2-2
Added Net: Name=NetDD1_10
Added Pin To Net: NetName=NetDD2_3 Pin=DD2-3
Added Pin To Net: NetName=NetDD2_3 Pin=DD10-11
Added Net: Name=NetDD2_3
Added Pin To Net: NetName=NetDD2_4 Pin=DD2-4
Added Pin To Net: NetName=NetDD2_4 Pin=DD8-11
Added Net: Name=NetDD2_4
Added Pin To Net: NetName=NetDD2_5 Pin=DD2-5
Added Pin To Net: NetName=NetDD2_5 Pin=DD2-6
Added Pin To Net: NetName=NetDD2_5 Pin=DD3-6
Added Pin To Net: NetName=NetDD2_5 Pin=DD7-11
Added Net: Name=NetDD2_5
Added Pin To Net: NetName=NetDD2_8 Pin=DD2-8
Added Pin To Net: NetName=NetDD2_8 Pin=DD10-5
Added Net: Name=NetDD2_8
Added Pin To Net: NetName=NetDD2_10 Pin=DD2-10
Added Pin To Net: NetName=NetDD2_10 Pin=DD2-12
Added Net: Name=NetDD2_10
Added Pin To Net: NetName=NetDD2_11 Pin=DD2-11
Added Pin To Net: NetName=NetDD2_11 Pin=DD3-1
Added Net: Name=NetDD2_11
Added Pin To Net: NetName=NetDD2_13 Pin=DD2-13
Added Pin To Net: NetName=NetDD2_13 Pin=DD10-8
Added Net: Name=NetDD2_13
Added Pin To Net: NetName=NetDD3_5 Pin=DD3-5
Added Pin To Net: NetName=NetDD3_5 Pin=DD4-1
Added Pin To Net: NetName=NetDD3_5 Pin=DD11-8
Added Net: Name=NetDD3_5
Added Pin To Net: NetName=NetDD3_9 Pin=DD3-9
Added Pin To Net: NetName=NetDD3_9 Pin=DD7-12
Added Pin To Net: NetName=NetDD3_9 Pin=DD8-12
Added Net: Name=NetDD3_9
Added Pin To Net: NetName=NetDD3_11 Pin=DD3-11
Added Pin To Net: NetName=NetDD3_11 Pin=DD7-13
Added Pin To Net: NetName=NetDD3_11 Pin=DD8-13
Added Net: Name=NetDD3_11
Added Pin To Net: NetName=NetDD3_12 Pin=DD3-12
Added Pin To Net: NetName=NetDD3_12 Pin=DD7-10
Added Pin To Net: NetName=NetDD3_12 Pin=DD8-10
Added Net: Name=NetDD3_12
Added Pin To Net: NetName=NetDD4_2 Pin=DD4-2
Added Pin To Net: NetName=NetDD4_2 Pin=DD4-5
Added Pin To Net: NetName=NetDD4_2 Pin=DD6-4
Added Net: Name=NetDD4_2
Added Pin To Net: NetName=NetDD5_4 Pin=DD5-4
Added Pin To Net: NetName=NetDD5_4 Pin=DD9-12
Added Pin To Net: NetName=NetDD5_4 Pin=DD9-13
Added Net: Name=NetDD5_4
Added Pin To Net: NetName=NetDD5_11 Pin=DD5-11
Added Pin To Net: NetName=NetDD5_11 Pin=R7-1
Added Pin To Net: NetName=NetDD5_11 Pin=VD1-2
Added Net: Name=NetDD5_11
Added Pin To Net: NetName=NetDD5_12 Pin=DD5-12
Added Pin To Net: NetName=NetDD5_12 Pin=R5-2
Added Pin To Net: NetName=NetDD5_12 Pin=VT1-2
Added Net: Name=NetDD5_12
Added Pin To Net: NetName=NetDD5_13 Pin=DD5-13
Added Pin To Net: NetName=NetDD5_13 Pin=R5-1
Added Pin To Net: NetName=NetDD5_13 Pin=VD2-1
Added Net: Name=NetDD5_13
Added Pin To Net: NetName=NetDD6_2 Pin=DD6-2
Added Pin To Net: NetName=NetDD6_2 Pin=DD10-12
Added Net: Name=NetDD6_2
Added Pin To Net: NetName=NetDD6_6 Pin=DD6-6
Added Pin To Net: NetName=NetDD6_6 Pin=R6-1
Added Pin To Net: NetName=NetDD6_6 Pin=XP2-1
Added Net: Name=NetDD6_6
Added Pin To Net: NetName=NetDD7_15 Pin=DD7-15
Added Pin To Net: NetName=NetDD7_15 Pin=DD10-4
Added Pin To Net: NetName=NetDD7_15 Pin=DD11-3
Added Pin To Net: NetName=NetDD7_15 Pin=R9-2
Added Net: Name=NetDD7_15
Added Pin To Net: NetName=NetDD8_4 Pin=DD8-4
Added Pin To Net: NetName=NetDD8_4 Pin=R9-1
Added Net: Name=NetDD8_4
Added Pin To Net: NetName=NetDD9_1 Pin=DD9-1
Added Pin To Net: NetName=NetDD9_1 Pin=DD9-2
Added Pin To Net: NetName=NetDD9_1 Pin=DD9-9
Added Pin To Net: NetName=NetDD9_1 Pin=DD10-6
Added Net: Name=NetDD9_1
Added Pin To Net: NetName=NetDD9_3 Pin=DD9-3
Added Pin To Net: NetName=NetDD9_3 Pin=DD11-6
Added Net: Name=NetDD9_3
Added Pin To Net: NetName=NetDD9_8 Pin=DD9-8
Added Pin To Net: NetName=NetDD9_8 Pin=DD9-11
Added Net: Name=NetDD9_8
Added Pin To Net: NetName=NetDD10_1 Pin=DD10-1
Added Pin To Net: NetName=NetDD10_1 Pin=DD10-2
Added Pin To Net: NetName=NetDD10_1 Pin=DD10-10
Added Net: Name=NetDD10_1
Added Pin To Net: NetName=NetDD10_9 Pin=DD10-9
Added Pin To Net: NetName=NetDD10_9 Pin=R10-1
Added Net: Name=NetDD10_9
Added Pin To Net: NetName=NetDD10_13 Pin=DD10-13
Added Pin To Net: NetName=NetDD10_13 Pin=DD11-1
Added Net: Name=NetDD10_13
Added Pin To Net: NetName=NetDD11_2 Pin=DD11-2
Added Pin To Net: NetName=NetDD11_2 Pin=DD11-11
Added Pin To Net: NetName=NetDD11_2 Pin=VD2-2
Added Net: Name=NetDD11_2
Added Pin To Net: NetName=NetR3_1 Pin=R3-1
Added Pin To Net: NetName=NetR3_1 Pin=R4-2
Added Pin To Net: NetName=NetR3_1 Pin=VT1-1
Added Net: Name=NetR3_1
Added Pin To Net: NetName=NetR3_2 Pin=R3-2
Added Pin To Net: NetName=NetR3_2 Pin=R11-2
Added Pin To Net: NetName=NetR3_2 Pin=R12-2
Added Pin To Net: NetName=NetR3_2 Pin=XP1-1
Added Net: Name=NetR3_2
Added Pin To Net: NetName=NetR10_2 Pin=R10-2
Added Pin To Net: NetName=NetR10_2 Pin=VT3-1
Added Net: Name=NetR10_2
Added Pin To Net: NetName=NetR11_1 Pin=R11-1
Added Pin To Net: NetName=NetR11_1 Pin=VD3-1
Added Pin To Net: NetName=NetR11_1 Pin=VT2-2
Added Net: Name=NetR11_1
Added Pin To Net: NetName=NetR12_1 Pin=R12-1
Added Pin To Net: NetName=NetR12_1 Pin=VT3-2
Added Net: Name=NetR12_1
Added Pin To Net: NetName=VDD Pin=C5-2
Added Pin To Net: NetName=VDD Pin=DD1-14
Added Pin To Net: NetName=VDD Pin=DD2-14
Added Pin To Net: NetName=VDD Pin=DD3-14
Added Pin To Net: NetName=VDD Pin=DD4-14
Added Pin To Net: NetName=VDD Pin=DD5-14
Added Pin To Net: NetName=VDD Pin=DD6-14
Added Pin To Net: NetName=VDD Pin=DD7-16
Added Pin To Net: NetName=VDD Pin=DD8-16
Added Pin To Net: NetName=VDD Pin=DD9-14
Added Pin To Net: NetName=VDD Pin=DD10-14
Added Pin To Net: NetName=VDD Pin=DD11-14
Added Pin To Net: NetName=VDD Pin=R6-2
Added Pin To Net: NetName=VDD Pin=VD3-2
Added Net: Name=VDD
Added Class: Name=CodeBlock
Added Room: Name=CodeBlock
