Replace Part C? C-0805 in C:\Users\Public\Documents\Altium\Project\Radar.SchDoc with C-0805 from Lab.SchLib
Replace Part C? C-0805_1 in C:\Users\Public\Documents\Altium\Project\Radar.SchDoc with C-0805_1 from Lab.SchLib
Replace Part C? C-0805 in C:\Users\Public\Documents\Altium\Project\Radar.SchDoc with C-0805 from Lab.SchLib
Replace Part DA? DA1 in C:\Users\Public\Documents\Altium\Project\Radar.SchDoc with DA1 from Lab.SchLib
Replace Part DA? DA1 in C:\Users\Public\Documents\Altium\Project\Radar.SchDoc with DA1 from Lab.SchLib
Replace Part DD? DD1 in C:\Users\Public\Documents\Altium\Project\Radar.SchDoc with DD1 from Lab.SchLib
Replace Part DD? DD1 in C:\Users\Public\Documents\Altium\Project\Radar.SchDoc with DD1 from Lab.SchLib
Replace Part DD? DD1 in C:\Users\Public\Documents\Altium\Project\Radar.SchDoc with DD1 from Lab.SchLib
Replace Part DD? DD1 in C:\Users\Public\Documents\Altium\Project\Radar.SchDoc with DD1 from Lab.SchLib
Replace Part R? R-0805 in C:\Users\Public\Documents\Altium\Project\Radar.SchDoc with R-0805 from Lab.SchLib
Replace Part R? R-0805 in C:\Users\Public\Documents\Altium\Project\Radar.SchDoc with R-0805 from Lab.SchLib
Replace Part R? R-0805 in C:\Users\Public\Documents\Altium\Project\Radar.SchDoc with R-0805 from Lab.SchLib
Replace Part R? R-0805 in C:\Users\Public\Documents\Altium\Project\Radar.SchDoc with R-0805 from Lab.SchLib
Replace Part R? R-0805 in C:\Users\Public\Documents\Altium\Project\Radar.SchDoc with R-0805 from Lab.SchLib
Replace Part R? R-0805 in C:\Users\Public\Documents\Altium\Project\Radar.SchDoc with R-0805 from Lab.SchLib
Replace Part R? R-0805 in C:\Users\Public\Documents\Altium\Project\Radar.SchDoc with R-0805 from Lab.SchLib
Replace Part R? R-0805 in C:\Users\Public\Documents\Altium\Project\Radar.SchDoc with R-0805 from Lab.SchLib
Replace Part VD? VD_Photo in C:\Users\Public\Documents\Altium\Project\Radar.SchDoc with VD_Photo from Lab.SchLib
Replace Part VD? VD_Photo in C:\Users\Public\Documents\Altium\Project\Radar.SchDoc with VD_Photo from Lab.SchLib
Replace Part VT? VT in C:\Users\Public\Documents\Altium\Project\Radar.SchDoc with VT from Lab.SchLib
Replace Part XP? 732-2747-ND(Output) in C:\Users\Public\Documents\Altium\Project\Radar.SchDoc with 732-2747-ND(Output) from CodeBlock.SchLib
